-------------------------------------------------------------------------------
Test set: com.stackroute.userservice.UserServiceTests
-------------------------------------------------------------------------------
Tests run: 1, Failures: 0, Errors: 1, Skipped: 0, Time elapsed: 0.234 s <<< FAILURE! - in com.stackroute.userservice.UserServiceTests
initializationError(com.stackroute.userservice.UserServiceTests)  Time elapsed: 0.005 s  <<< ERROR!
java.lang.IllegalStateException: Unable to find a @SpringBootConfiguration, you need to use @ContextConfiguration or @SpringBootTest(classes=...) with your test

